<?xml version="1.0" encoding="UTF-8"?>
<testsuite xmlns:xsi="http://www.w3.org/2001/XMLSchema-instance" xsi:noNamespaceSchemaLocation="https://maven.apache.org/surefire/maven-surefire-plugin/xsd/surefire-test-report-3.0.xsd" version="3.0" name="com.hobby.hobby_world.HobbyWorldApplicationTests" time="1.818" tests="1" errors="0" skipped="0" failures="0">
  <properties>
[...]
</properties>
  <testcase name="contextLoads" classname="com.hobby.hobby_world.HobbyWorldApplicationTests" time="0.274">
    <system-out><![CDATA[20:51:38.330 [main] INFO org.springframework.test.context.support.AnnotationConfigContextLoaderUtils -- Could not detect default configuration classes for test class [com.hobby.hobby_world.HobbyWorldApplicationTests]: HobbyWorldApplicationTests does not declare any static, non-private, non-final, nested classes annotated with @Configuration.
20:51:38.373 [main] INFO org.springframework.boot.test.context.SpringBootTestContextBootstrapper -- Found @SpringBootConfiguration com.hobby.hobby_world.HobbyWorldApplication for test class com.hobby.hobby_world.HobbyWorldApplicationTests

  .   ____          _            __ _ _
 /\\ / ___'_ __ _ _(_)_ __  __ _ \ \ \ \
( ( )\___ | '_ | '_| | '_ \/ _` | \ \ \ \
 \\/  ___)| |_)| | | | | || (_| |  ) ) ) )
  '  |____| .__|_| |_|_| |_\__, | / / / /
 =========|_|==============|___/=/_/_/_/

 :: Spring Boot ::                (v3.3.2)

2024-08-17T20:51:38.539+10:00  INFO 8826 --- [hobby_world] [           main] c.h.h.HobbyWorldApplicationTests         : Starting HobbyWorldApplicationTests using Java 22.0.2 with PID 8826 (started by harshi in /Users/harshi/Documents/Backend/hobby_world)
2024-08-17T20:51:38.540+10:00  INFO 8826 --- [hobby_world] [           main] c.h.h.HobbyWorldApplicationTests         : No active profile set, falling back to 1 default profile: "default"
2024-08-17T20:51:38.785+10:00  INFO 8826 --- [hobby_world] [           main] .s.d.r.c.RepositoryConfigurationDelegate : Bootstrapping Spring Data JPA repositories in DEFAULT mode.
2024-08-17T20:51:38.802+10:00  INFO 8826 --- [hobby_world] [           main] .s.d.r.c.RepositoryConfigurationDelegate : Finished Spring Data repository scanning in 14 ms. Found 1 JPA repository interface.
2024-08-17T20:51:38.954+10:00  INFO 8826 --- [hobby_world] [           main] com.zaxxer.hikari.HikariDataSource       : HikariPool-1 - Starting...
2024-08-17T20:51:39.002+10:00  INFO 8826 --- [hobby_world] [           main] com.zaxxer.hikari.pool.HikariPool        : HikariPool-1 - Added connection org.postgresql.jdbc.PgConnection@5b39a3e6
2024-08-17T20:51:39.003+10:00  INFO 8826 --- [hobby_world] [           main] com.zaxxer.hikari.HikariDataSource       : HikariPool-1 - Start completed.
2024-08-17T20:51:39.023+10:00  INFO 8826 --- [hobby_world] [           main] o.hibernate.jpa.internal.util.LogHelper  : HHH000204: Processing PersistenceUnitInfo [name: default]
2024-08-17T20:51:39.046+10:00  INFO 8826 --- [hobby_world] [           main] org.hibernate.Version                    : HHH000412: Hibernate ORM core version 6.5.2.Final
2024-08-17T20:51:39.057+10:00  INFO 8826 --- [hobby_world] [           main] o.h.c.internal.RegionFactoryInitiator    : HHH000026: Second-level cache disabled
2024-08-17T20:51:39.176+10:00  INFO 8826 --- [hobby_world] [           main] o.s.o.j.p.SpringPersistenceUnitInfo      : No LoadTimeWeaver setup: ignoring JPA class transformer
2024-08-17T20:51:39.515+10:00  INFO 8826 --- [hobby_world] [           main] o.h.e.t.j.p.i.JtaPlatformInitiator       : HHH000489: No JTA platform available (set 'hibernate.transaction.jta.platform' to enable JTA platform integration)
2024-08-17T20:51:39.516+10:00  INFO 8826 --- [hobby_world] [           main] j.LocalContainerEntityManagerFactoryBean : Initialized JPA EntityManagerFactory for persistence unit 'default'
2024-08-17T20:51:39.603+10:00  INFO 8826 --- [hobby_world] [           main] o.s.d.j.r.query.QueryEnhancerFactory     : Hibernate is in classpath; If applicable, HQL parser will be used.
2024-08-17T20:51:39.660+10:00  WARN 8826 --- [hobby_world] [           main] JpaBaseConfiguration$JpaWebConfiguration : spring.jpa.open-in-view is enabled by default. Therefore, database queries may be performed during view rendering. Explicitly configure spring.jpa.open-in-view to disable this warning
2024-08-17T20:51:39.797+10:00  INFO 8826 --- [hobby_world] [           main] c.h.h.HobbyWorldApplicationTests         : Started HobbyWorldApplicationTests in 1.377 seconds (process running for 1.731)
]]></system-out>
    <system-err><![CDATA[WARNING: A Java agent has been loaded dynamically (/Users/harshi/.m2/repository/net/bytebuddy/byte-buddy-agent/1.14.18/byte-buddy-agent-1.14.18.jar)
WARNING: If a serviceability tool is in use, please run with -XX:+EnableDynamicAgentLoading to hide this warning
WARNING: If a serviceability tool is not in use, please run with -Djdk.instrument.traceUsage for more information
WARNING: Dynamic loading of agents will be disallowed by default in a future release
]]></system-err>
  </testcase>
</testsuite>